2026-07-17T12:23:10.132Z: ReferenceError: Cannot access 'sodMap' before initialization
    at eval (webpack-internal:///(rsc)/./app/api/dashboard/stats/route.ts:874:30)
    at Array.map (<anonymous>)
    at GET (webpack-internal:///(rsc)/./app/api/dashboard/stats/route.ts:867:44)
    at process.processTicksAndRejections (node:internal/process/task_queues:103:5)
    at async C:\Users\dell\HRMS-Rs9-group\node_modules\next\dist\compiled\next-server\app-route.runtime.dev.js:6:57228
    at async eT.execute (C:\Users\dell\HRMS-Rs9-group\node_modules\next\dist\compiled\next-server\app-route.runtime.dev.js:6:46851)
    at async eT.handle (C:\Users\dell\HRMS-Rs9-group\node_modules\next\dist\compiled\next-server\app-route.runtime.dev.js:6:58760)
    at async doRender (C:\Users\dell\HRMS-Rs9-group\node_modules\next\dist\server\base-server.js:1366:42)
    at async cacheEntry.responseCache.get.routeKind (C:\Users\dell\HRMS-Rs9-group\node_modules\next\dist\server\base-server.js:1588:28)
    at async DevServer.renderToResponseWithComponentsImpl (C:\Users\dell\HRMS-Rs9-group\node_modules\next\dist\server\base-server.js:1496:28)
    at async DevServer.renderPageComponent (C:\Users\dell\HRMS-Rs9-group\node_modules\next\dist\server\base-server.js:1924:24)
    at async DevServer.renderToResponseImpl (C:\Users\dell\HRMS-Rs9-group\node_modules\next\dist\server\base-server.js:1962:32)
    at async DevServer.pipeImpl (C:\Users\dell\HRMS-Rs9-group\node_modules\next\dist\server\base-server.js:922:25)
    at async NextNodeServer.handleCatchallRenderRequest (C:\Users\dell\HRMS-Rs9-group\node_modules\next\dist\server\next-server.js:272:17)
    at async DevServer.handleRequestImpl (C:\Users\dell\HRMS-Rs9-group\node_modules\next\dist\server\base-server.js:818:17)
    at async C:\Users\dell\HRMS-Rs9-group\node_modules\next\dist\server\dev\next-dev-server.js:339:20
    at async Span.traceAsyncFn (C:\Users\dell\HRMS-Rs9-group\node_modules\next\dist\trace\trace.js:154:20)
    at async DevServer.handleRequest (C:\Users\dell\HRMS-Rs9-group\node_modules\next\dist\server\dev\next-dev-server.js:336:24)
    at async invokeRender (C:\Users\dell\HRMS-Rs9-group\node_modules\next\dist\server\lib\router-server.js:179:21)
    at async handleRequest (C:\Users\dell\HRMS-Rs9-group\node_modules\next\dist\server\lib\router-server.js:359:24)
    at async requestHandlerImpl (C:\Users\dell\HRMS-Rs9-group\node_modules\next\dist\server\lib\router-server.js:383:13)
    at async Server.requestListener (C:\Users\dell\HRMS-Rs9-group\node_modules\next\dist\server\lib\start-server.js:141:13)
2026-07-17T12:23:11.881Z: ReferenceError: Cannot access 'sodMap' before initialization
    at eval (webpack-internal:///(rsc)/./app/api/dashboard/stats/route.ts:874:30)
    at Array.map (<anonymous>)
    at GET (webpack-internal:///(rsc)/./app/api/dashboard/stats/route.ts:867:44)
    at process.processTicksAndRejections (node:internal/process/task_queues:103:5)
    at async C:\Users\dell\HRMS-Rs9-group\node_modules\next\dist\compiled\next-server\app-route.runtime.dev.js:6:57228
    at async eT.execute (C:\Users\dell\HRMS-Rs9-group\node_modules\next\dist\compiled\next-server\app-route.runtime.dev.js:6:46851)
    at async eT.handle (C:\Users\dell\HRMS-Rs9-group\node_modules\next\dist\compiled\next-server\app-route.runtime.dev.js:6:58760)
    at async doRender (C:\Users\dell\HRMS-Rs9-group\node_modules\next\dist\server\base-server.js:1366:42)
    at async cacheEntry.responseCache.get.routeKind (C:\Users\dell\HRMS-Rs9-group\node_modules\next\dist\server\base-server.js:1588:28)
    at async DevServer.renderToResponseWithComponentsImpl (C:\Users\dell\HRMS-Rs9-group\node_modules\next\dist\server\base-server.js:1496:28)
    at async DevServer.renderPageComponent (C:\Users\dell\HRMS-Rs9-group\node_modules\next\dist\server\base-server.js:1924:24)
    at async DevServer.renderToResponseImpl (C:\Users\dell\HRMS-Rs9-group\node_modules\next\dist\server\base-server.js:1962:32)
    at async DevServer.pipeImpl (C:\Users\dell\HRMS-Rs9-group\node_modules\next\dist\server\base-server.js:922:25)
    at async NextNodeServer.handleCatchallRenderRequest (C:\Users\dell\HRMS-Rs9-group\node_modules\next\dist\server\next-server.js:272:17)
    at async DevServer.handleRequestImpl (C:\Users\dell\HRMS-Rs9-group\node_modules\next\dist\server\base-server.js:818:17)
    at async C:\Users\dell\HRMS-Rs9-group\node_modules\next\dist\server\dev\next-dev-server.js:339:20
    at async Span.traceAsyncFn (C:\Users\dell\HRMS-Rs9-group\node_modules\next\dist\trace\trace.js:154:20)
    at async DevServer.handleRequest (C:\Users\dell\HRMS-Rs9-group\node_modules\next\dist\server\dev\next-dev-server.js:336:24)
    at async invokeRender (C:\Users\dell\HRMS-Rs9-group\node_modules\next\dist\server\lib\router-server.js:179:21)
    at async handleRequest (C:\Users\dell\HRMS-Rs9-group\node_modules\next\dist\server\lib\router-server.js:359:24)
    at async requestHandlerImpl (C:\Users\dell\HRMS-Rs9-group\node_modules\next\dist\server\lib\router-server.js:383:13)
    at async Server.requestListener (C:\Users\dell\HRMS-Rs9-group\node_modules\next\dist\server\lib\start-server.js:141:13)
2026-07-17T12:27:25.774Z: ReferenceError: Cannot access 'sodMap' before initialization
    at eval (webpack-internal:///(rsc)/./app/api/dashboard/stats/route.ts:874:30)
    at Array.map (<anonymous>)
    at GET (webpack-internal:///(rsc)/./app/api/dashboard/stats/route.ts:867:44)
    at process.processTicksAndRejections (node:internal/process/task_queues:103:5)
    at async C:\Users\dell\HRMS-Rs9-group\node_modules\next\dist\compiled\next-server\app-route.runtime.dev.js:6:57228
    at async eT.execute (C:\Users\dell\HRMS-Rs9-group\node_modules\next\dist\compiled\next-server\app-route.runtime.dev.js:6:46851)
    at async eT.handle (C:\Users\dell\HRMS-Rs9-group\node_modules\next\dist\compiled\next-server\app-route.runtime.dev.js:6:58760)
    at async doRender (C:\Users\dell\HRMS-Rs9-group\node_modules\next\dist\server\base-server.js:1366:42)
    at async cacheEntry.responseCache.get.routeKind (C:\Users\dell\HRMS-Rs9-group\node_modules\next\dist\server\base-server.js:1588:28)
    at async DevServer.renderToResponseWithComponentsImpl (C:\Users\dell\HRMS-Rs9-group\node_modules\next\dist\server\base-server.js:1496:28)
    at async DevServer.renderPageComponent (C:\Users\dell\HRMS-Rs9-group\node_modules\next\dist\server\base-server.js:1924:24)
    at async DevServer.renderToResponseImpl (C:\Users\dell\HRMS-Rs9-group\node_modules\next\dist\server\base-server.js:1962:32)
    at async DevServer.pipeImpl (C:\Users\dell\HRMS-Rs9-group\node_modules\next\dist\server\base-server.js:922:25)
    at async NextNodeServer.handleCatchallRenderRequest (C:\Users\dell\HRMS-Rs9-group\node_modules\next\dist\server\next-server.js:272:17)
    at async DevServer.handleRequestImpl (C:\Users\dell\HRMS-Rs9-group\node_modules\next\dist\server\base-server.js:818:17)
    at async C:\Users\dell\HRMS-Rs9-group\node_modules\next\dist\server\dev\next-dev-server.js:339:20
    at async Span.traceAsyncFn (C:\Users\dell\HRMS-Rs9-group\node_modules\next\dist\trace\trace.js:154:20)
    at async DevServer.handleRequest (C:\Users\dell\HRMS-Rs9-group\node_modules\next\dist\server\dev\next-dev-server.js:336:24)
    at async invokeRender (C:\Users\dell\HRMS-Rs9-group\node_modules\next\dist\server\lib\router-server.js:179:21)
    at async handleRequest (C:\Users\dell\HRMS-Rs9-group\node_modules\next\dist\server\lib\router-server.js:359:24)
    at async requestHandlerImpl (C:\Users\dell\HRMS-Rs9-group\node_modules\next\dist\server\lib\router-server.js:383:13)
    at async Server.requestListener (C:\Users\dell\HRMS-Rs9-group\node_modules\next\dist\server\lib\start-server.js:141:13)
2026-07-17T12:27:26.775Z: ReferenceError: Cannot access 'sodMap' before initialization
    at eval (webpack-internal:///(rsc)/./app/api/dashboard/stats/route.ts:874:30)
    at Array.map (<anonymous>)
    at GET (webpack-internal:///(rsc)/./app/api/dashboard/stats/route.ts:867:44)
    at process.processTicksAndRejections (node:internal/process/task_queues:103:5)
    at async C:\Users\dell\HRMS-Rs9-group\node_modules\next\dist\compiled\next-server\app-route.runtime.dev.js:6:57228
    at async eT.execute (C:\Users\dell\HRMS-Rs9-group\node_modules\next\dist\compiled\next-server\app-route.runtime.dev.js:6:46851)
    at async eT.handle (C:\Users\dell\HRMS-Rs9-group\node_modules\next\dist\compiled\next-server\app-route.runtime.dev.js:6:58760)
    at async doRender (C:\Users\dell\HRMS-Rs9-group\node_modules\next\dist\server\base-server.js:1366:42)
    at async cacheEntry.responseCache.get.routeKind (C:\Users\dell\HRMS-Rs9-group\node_modules\next\dist\server\base-server.js:1588:28)
    at async DevServer.renderToResponseWithComponentsImpl (C:\Users\dell\HRMS-Rs9-group\node_modules\next\dist\server\base-server.js:1496:28)
    at async DevServer.renderPageComponent (C:\Users\dell\HRMS-Rs9-group\node_modules\next\dist\server\base-server.js:1924:24)
    at async DevServer.renderToResponseImpl (C:\Users\dell\HRMS-Rs9-group\node_modules\next\dist\server\base-server.js:1962:32)
    at async DevServer.pipeImpl (C:\Users\dell\HRMS-Rs9-group\node_modules\next\dist\server\base-server.js:922:25)
    at async NextNodeServer.handleCatchallRenderRequest (C:\Users\dell\HRMS-Rs9-group\node_modules\next\dist\server\next-server.js:272:17)
    at async DevServer.handleRequestImpl (C:\Users\dell\HRMS-Rs9-group\node_modules\next\dist\server\base-server.js:818:17)
    at async C:\Users\dell\HRMS-Rs9-group\node_modules\next\dist\server\dev\next-dev-server.js:339:20
    at async Span.traceAsyncFn (C:\Users\dell\HRMS-Rs9-group\node_modules\next\dist\trace\trace.js:154:20)
    at async DevServer.handleRequest (C:\Users\dell\HRMS-Rs9-group\node_modules\next\dist\server\dev\next-dev-server.js:336:24)
    at async invokeRender (C:\Users\dell\HRMS-Rs9-group\node_modules\next\dist\server\lib\router-server.js:179:21)
    at async handleRequest (C:\Users\dell\HRMS-Rs9-group\node_modules\next\dist\server\lib\router-server.js:359:24)
    at async requestHandlerImpl (C:\Users\dell\HRMS-Rs9-group\node_modules\next\dist\server\lib\router-server.js:383:13)
    at async Server.requestListener (C:\Users\dell\HRMS-Rs9-group\node_modules\next\dist\server\lib\start-server.js:141:13)
2026-07-17T12:31:29.941Z: ReferenceError: Cannot access 'sodMap' before initialization
    at eval (webpack-internal:///(rsc)/./app/api/dashboard/stats/route.ts:874:30)
    at Array.map (<anonymous>)
    at GET (webpack-internal:///(rsc)/./app/api/dashboard/stats/route.ts:867:44)
    at process.processTicksAndRejections (node:internal/process/task_queues:103:5)
    at async C:\Users\dell\HRMS-Rs9-group\node_modules\next\dist\compiled\next-server\app-route.runtime.dev.js:6:57228
    at async eT.execute (C:\Users\dell\HRMS-Rs9-group\node_modules\next\dist\compiled\next-server\app-route.runtime.dev.js:6:46851)
    at async eT.handle (C:\Users\dell\HRMS-Rs9-group\node_modules\next\dist\compiled\next-server\app-route.runtime.dev.js:6:58760)
    at async doRender (C:\Users\dell\HRMS-Rs9-group\node_modules\next\dist\server\base-server.js:1366:42)
    at async cacheEntry.responseCache.get.routeKind (C:\Users\dell\HRMS-Rs9-group\node_modules\next\dist\server\base-server.js:1588:28)
    at async DevServer.renderToResponseWithComponentsImpl (C:\Users\dell\HRMS-Rs9-group\node_modules\next\dist\server\base-server.js:1496:28)
    at async DevServer.renderPageComponent (C:\Users\dell\HRMS-Rs9-group\node_modules\next\dist\server\base-server.js:1924:24)
    at async DevServer.renderToResponseImpl (C:\Users\dell\HRMS-Rs9-group\node_modules\next\dist\server\base-server.js:1962:32)
    at async DevServer.pipeImpl (C:\Users\dell\HRMS-Rs9-group\node_modules\next\dist\server\base-server.js:922:25)
    at async NextNodeServer.handleCatchallRenderRequest (C:\Users\dell\HRMS-Rs9-group\node_modules\next\dist\server\next-server.js:272:17)
    at async DevServer.handleRequestImpl (C:\Users\dell\HRMS-Rs9-group\node_modules\next\dist\server\base-server.js:818:17)
    at async C:\Users\dell\HRMS-Rs9-group\node_modules\next\dist\server\dev\next-dev-server.js:339:20
    at async Span.traceAsyncFn (C:\Users\dell\HRMS-Rs9-group\node_modules\next\dist\trace\trace.js:154:20)
    at async DevServer.handleRequest (C:\Users\dell\HRMS-Rs9-group\node_modules\next\dist\server\dev\next-dev-server.js:336:24)
    at async invokeRender (C:\Users\dell\HRMS-Rs9-group\node_modules\next\dist\server\lib\router-server.js:179:21)
    at async handleRequest (C:\Users\dell\HRMS-Rs9-group\node_modules\next\dist\server\lib\router-server.js:359:24)
    at async requestHandlerImpl (C:\Users\dell\HRMS-Rs9-group\node_modules\next\dist\server\lib\router-server.js:383:13)
    at async Server.requestListener (C:\Users\dell\HRMS-Rs9-group\node_modules\next\dist\server\lib\start-server.js:141:13)
